<?xml version="1.0" encoding="UTF-8"?>
<testng-results skipped="0" failed="2" ignored="5" total="13" passed="6">
  <reporter-output>
  </reporter-output>
  <suite name="Stay Peace" duration-ms="70013" started-at="2018-07-04T06:00:22Z" finished-at="2018-07-04T06:01:32Z">
    <groups>
    </groups>
    <test name="Hostel Creation" duration-ms="54694" started-at="2018-07-04T06:00:22Z" finished-at="2018-07-04T06:01:17Z">
      <class name="com.admin.newhostel.CreateHostel">
        <test-method status="PASS" signature="newHostel()[pri:0, instance:com.admin.newhostel.CreateHostel@4fb61f4a]" name="newHostel" duration-ms="16299" started-at="2018-07-04T06:00:38Z" finished-at="2018-07-04T06:00:55Z">
          <reporter-output>
          </reporter-output>
        </test-method> <!-- newHostel -->
        <test-method status="FAIL" signature="signIn()[pri:0, instance:com.admin.newhostel.CreateHostel@4fb61f4a]" name="signIn" duration-ms="10033" started-at="2018-07-04T06:00:55Z" finished-at="2018-07-04T06:01:05Z">
          <exception class="org.openqa.selenium.NoSuchElementException">
            <message>
              <![CDATA[Unable to locate element: //a[@data-hover='SIGNIN/SIGNUP']
For documentation on this error, please visit: http://seleniumhq.org/exceptions/no_such_element.html
Build info: version: '3.13.0', revision: '2f0d292', time: '2018-06-25T15:24:21.231Z'
System info: host: 'qc', ip: '127.0.1.1', os.name: 'Linux', os.arch: 'amd64', os.version: '4.15.0-24-generic', java.version: '1.8.0_171'
Driver info: org.openqa.selenium.firefox.FirefoxDriver
Capabilities {acceptInsecureCerts: true, browserName: firefox, browserVersion: 60.0.2, javascriptEnabled: true, moz:accessibilityChecks: false, moz:headless: false, moz:processID: 7717, moz:profile: /tmp/rust_mozprofile.YmUI5V..., moz:useNonSpecCompliantPointerOrigin: false, moz:webdriverClick: true, pageLoadStrategy: normal, platform: LINUX, platformName: LINUX, platformVersion: 4.15.0-24-generic, rotatable: false, timeouts: {implicit: 0, pageLoad: 300000, script: 30000}}
Session ID: 00c0dc33-aa3a-4094-8e9c-f6ff4b5b7be2
*** Element info: {Using=xpath, value=//a[@data-hover='SIGNIN/SIGNUP']}]]>
            </message>
            <full-stacktrace>
              <![CDATA[org.openqa.selenium.NoSuchElementException: Unable to locate element: //a[@data-hover='SIGNIN/SIGNUP']
For documentation on this error, please visit: http://seleniumhq.org/exceptions/no_such_element.html
Build info: version: '3.13.0', revision: '2f0d292', time: '2018-06-25T15:24:21.231Z'
System info: host: 'qc', ip: '127.0.1.1', os.name: 'Linux', os.arch: 'amd64', os.version: '4.15.0-24-generic', java.version: '1.8.0_171'
Driver info: org.openqa.selenium.firefox.FirefoxDriver
Capabilities {acceptInsecureCerts: true, browserName: firefox, browserVersion: 60.0.2, javascriptEnabled: true, moz:accessibilityChecks: false, moz:headless: false, moz:processID: 7717, moz:profile: /tmp/rust_mozprofile.YmUI5V..., moz:useNonSpecCompliantPointerOrigin: false, moz:webdriverClick: true, pageLoadStrategy: normal, platform: LINUX, platformName: LINUX, platformVersion: 4.15.0-24-generic, rotatable: false, timeouts: {implicit: 0, pageLoad: 300000, script: 30000}}
Session ID: 00c0dc33-aa3a-4094-8e9c-f6ff4b5b7be2
*** Element info: {Using=xpath, value=//a[@data-hover='SIGNIN/SIGNUP']}
at sun.reflect.NativeConstructorAccessorImpl.newInstance0(Native Method)
at sun.reflect.NativeConstructorAccessorImpl.newInstance(NativeConstructorAccessorImpl.java:62)
at sun.reflect.DelegatingConstructorAccessorImpl.newInstance(DelegatingConstructorAccessorImpl.java:45)
at java.lang.reflect.Constructor.newInstance(Constructor.java:423)
at org.openqa.selenium.remote.http.W3CHttpResponseCodec.createException(W3CHttpResponseCodec.java:187)
at org.openqa.selenium.remote.http.W3CHttpResponseCodec.decode(W3CHttpResponseCodec.java:122)
at org.openqa.selenium.remote.http.W3CHttpResponseCodec.decode(W3CHttpResponseCodec.java:49)
at org.openqa.selenium.remote.HttpCommandExecutor.execute(HttpCommandExecutor.java:158)
at org.openqa.selenium.remote.service.DriverCommandExecutor.execute(DriverCommandExecutor.java:83)
at org.openqa.selenium.remote.RemoteWebDriver.execute(RemoteWebDriver.java:548)
at org.openqa.selenium.remote.RemoteWebDriver.findElement(RemoteWebDriver.java:322)
at org.openqa.selenium.remote.RemoteWebDriver.findElementByXPath(RemoteWebDriver.java:424)
at org.openqa.selenium.By$ByXPath.findElement(By.java:353)
at org.openqa.selenium.remote.RemoteWebDriver.findElement(RemoteWebDriver.java:314)
at com.admin.newhostel.Login.signIn(Login.java:39)
at sun.reflect.NativeMethodAccessorImpl.invoke0(Native Method)
at sun.reflect.NativeMethodAccessorImpl.invoke(NativeMethodAccessorImpl.java:62)
at sun.reflect.DelegatingMethodAccessorImpl.invoke(DelegatingMethodAccessorImpl.java:43)
at java.lang.reflect.Method.invoke(Method.java:498)
at org.testng.internal.MethodInvocationHelper.invokeMethod(MethodInvocationHelper.java:124)
at org.testng.internal.Invoker.invokeMethod(Invoker.java:583)
at org.testng.internal.Invoker.invokeTestMethod(Invoker.java:719)
at org.testng.internal.Invoker.invokeTestMethods(Invoker.java:989)
at org.testng.internal.TestMethodWorker.invokeTestMethods(TestMethodWorker.java:125)
at org.testng.internal.TestMethodWorker.run(TestMethodWorker.java:109)
at org.testng.TestRunner.privateRun(TestRunner.java:648)
at org.testng.TestRunner.run(TestRunner.java:505)
at org.testng.SuiteRunner.runTest(SuiteRunner.java:455)
at org.testng.SuiteRunner.access$000(SuiteRunner.java:40)
at org.testng.SuiteRunner$SuiteWorker.run(SuiteRunner.java:489)
at org.testng.internal.thread.ThreadUtil$1.call(ThreadUtil.java:52)
at java.util.concurrent.FutureTask.run(FutureTask.java:266)
at java.util.concurrent.ThreadPoolExecutor.runWorker(ThreadPoolExecutor.java:1149)
at java.util.concurrent.ThreadPoolExecutor$Worker.run(ThreadPoolExecutor.java:624)
at java.lang.Thread.run(Thread.java:748)
]]>
            </full-stacktrace>
          </exception> <!-- org.openqa.selenium.NoSuchElementException -->
          <reporter-output>
          </reporter-output>
        </test-method> <!-- signIn -->
      </class> <!-- com.admin.newhostel.CreateHostel -->
      <class name="com.admin.newhostel.AddRoom">
        <test-method status="PASS" signature="newRooms()[pri:0, instance:com.admin.newhostel.AddRoom@4fb0f2b9]" name="newRooms" duration-ms="2224" started-at="2018-07-04T06:01:05Z" finished-at="2018-07-04T06:01:07Z">
          <reporter-output>
          </reporter-output>
        </test-method> <!-- newRooms -->
        <test-method status="FAIL" signature="signIn()[pri:0, instance:com.admin.newhostel.AddRoom@4fb0f2b9]" name="signIn" duration-ms="10017" started-at="2018-07-04T06:01:07Z" finished-at="2018-07-04T06:01:17Z">
          <exception class="org.openqa.selenium.NoSuchElementException">
            <message>
              <![CDATA[Unable to locate element: //a[@data-hover='SIGNIN/SIGNUP']
For documentation on this error, please visit: http://seleniumhq.org/exceptions/no_such_element.html
Build info: version: '3.13.0', revision: '2f0d292', time: '2018-06-25T15:24:21.231Z'
System info: host: 'qc', ip: '127.0.1.1', os.name: 'Linux', os.arch: 'amd64', os.version: '4.15.0-24-generic', java.version: '1.8.0_171'
Driver info: org.openqa.selenium.firefox.FirefoxDriver
Capabilities {acceptInsecureCerts: true, browserName: firefox, browserVersion: 60.0.2, javascriptEnabled: true, moz:accessibilityChecks: false, moz:headless: false, moz:processID: 7717, moz:profile: /tmp/rust_mozprofile.YmUI5V..., moz:useNonSpecCompliantPointerOrigin: false, moz:webdriverClick: true, pageLoadStrategy: normal, platform: LINUX, platformName: LINUX, platformVersion: 4.15.0-24-generic, rotatable: false, timeouts: {implicit: 0, pageLoad: 300000, script: 30000}}
Session ID: 00c0dc33-aa3a-4094-8e9c-f6ff4b5b7be2
*** Element info: {Using=xpath, value=//a[@data-hover='SIGNIN/SIGNUP']}]]>
            </message>
            <full-stacktrace>
              <![CDATA[org.openqa.selenium.NoSuchElementException: Unable to locate element: //a[@data-hover='SIGNIN/SIGNUP']
For documentation on this error, please visit: http://seleniumhq.org/exceptions/no_such_element.html
Build info: version: '3.13.0', revision: '2f0d292', time: '2018-06-25T15:24:21.231Z'
System info: host: 'qc', ip: '127.0.1.1', os.name: 'Linux', os.arch: 'amd64', os.version: '4.15.0-24-generic', java.version: '1.8.0_171'
Driver info: org.openqa.selenium.firefox.FirefoxDriver
Capabilities {acceptInsecureCerts: true, browserName: firefox, browserVersion: 60.0.2, javascriptEnabled: true, moz:accessibilityChecks: false, moz:headless: false, moz:processID: 7717, moz:profile: /tmp/rust_mozprofile.YmUI5V..., moz:useNonSpecCompliantPointerOrigin: false, moz:webdriverClick: true, pageLoadStrategy: normal, platform: LINUX, platformName: LINUX, platformVersion: 4.15.0-24-generic, rotatable: false, timeouts: {implicit: 0, pageLoad: 300000, script: 30000}}
Session ID: 00c0dc33-aa3a-4094-8e9c-f6ff4b5b7be2
*** Element info: {Using=xpath, value=//a[@data-hover='SIGNIN/SIGNUP']}
at sun.reflect.NativeConstructorAccessorImpl.newInstance0(Native Method)
at sun.reflect.NativeConstructorAccessorImpl.newInstance(NativeConstructorAccessorImpl.java:62)
at sun.reflect.DelegatingConstructorAccessorImpl.newInstance(DelegatingConstructorAccessorImpl.java:45)
at java.lang.reflect.Constructor.newInstance(Constructor.java:423)
at org.openqa.selenium.remote.http.W3CHttpResponseCodec.createException(W3CHttpResponseCodec.java:187)
at org.openqa.selenium.remote.http.W3CHttpResponseCodec.decode(W3CHttpResponseCodec.java:122)
at org.openqa.selenium.remote.http.W3CHttpResponseCodec.decode(W3CHttpResponseCodec.java:49)
at org.openqa.selenium.remote.HttpCommandExecutor.execute(HttpCommandExecutor.java:158)
at org.openqa.selenium.remote.service.DriverCommandExecutor.execute(DriverCommandExecutor.java:83)
at org.openqa.selenium.remote.RemoteWebDriver.execute(RemoteWebDriver.java:548)
at org.openqa.selenium.remote.RemoteWebDriver.findElement(RemoteWebDriver.java:322)
at org.openqa.selenium.remote.RemoteWebDriver.findElementByXPath(RemoteWebDriver.java:424)
at org.openqa.selenium.By$ByXPath.findElement(By.java:353)
at org.openqa.selenium.remote.RemoteWebDriver.findElement(RemoteWebDriver.java:314)
at com.admin.newhostel.Login.signIn(Login.java:39)
at sun.reflect.NativeMethodAccessorImpl.invoke0(Native Method)
at sun.reflect.NativeMethodAccessorImpl.invoke(NativeMethodAccessorImpl.java:62)
at sun.reflect.DelegatingMethodAccessorImpl.invoke(DelegatingMethodAccessorImpl.java:43)
at java.lang.reflect.Method.invoke(Method.java:498)
at org.testng.internal.MethodInvocationHelper.invokeMethod(MethodInvocationHelper.java:124)
at org.testng.internal.Invoker.invokeMethod(Invoker.java:583)
at org.testng.internal.Invoker.invokeTestMethod(Invoker.java:719)
at org.testng.internal.Invoker.invokeTestMethods(Invoker.java:989)
at org.testng.internal.TestMethodWorker.invokeTestMethods(TestMethodWorker.java:125)
at org.testng.internal.TestMethodWorker.run(TestMethodWorker.java:109)
at org.testng.TestRunner.privateRun(TestRunner.java:648)
at org.testng.TestRunner.run(TestRunner.java:505)
at org.testng.SuiteRunner.runTest(SuiteRunner.java:455)
at org.testng.SuiteRunner.access$000(SuiteRunner.java:40)
at org.testng.SuiteRunner$SuiteWorker.run(SuiteRunner.java:489)
at org.testng.internal.thread.ThreadUtil$1.call(ThreadUtil.java:52)
at java.util.concurrent.FutureTask.run(FutureTask.java:266)
at java.util.concurrent.ThreadPoolExecutor.runWorker(ThreadPoolExecutor.java:1149)
at java.util.concurrent.ThreadPoolExecutor$Worker.run(ThreadPoolExecutor.java:624)
at java.lang.Thread.run(Thread.java:748)
]]>
            </full-stacktrace>
          </exception> <!-- org.openqa.selenium.NoSuchElementException -->
          <reporter-output>
          </reporter-output>
        </test-method> <!-- signIn -->
      </class> <!-- com.admin.newhostel.AddRoom -->
      <class name="com.admin.newhostel.Login">
        <test-method status="PASS" signature="launch()[pri:0, instance:com.admin.newhostel.Login@3e58a80e]" name="launch" is-config="true" duration-ms="10322" started-at="2018-07-04T06:00:22Z" finished-at="2018-07-04T06:00:32Z">
          <reporter-output>
          </reporter-output>
        </test-method> <!-- launch -->
        <test-method status="PASS" signature="signIn()[pri:0, instance:com.admin.newhostel.Login@3e58a80e]" name="signIn" duration-ms="5542" started-at="2018-07-04T06:00:33Z" finished-at="2018-07-04T06:00:38Z">
          <reporter-output>
          </reporter-output>
        </test-method> <!-- signIn -->
      </class> <!-- com.admin.newhostel.Login -->
    </test> <!-- Hostel Creation -->
    <test name="Hostel Booking" duration-ms="15273" started-at="2018-07-04T06:01:17Z" finished-at="2018-07-04T06:01:32Z">
      <class name="com.guest.booking.HostelQuotePrice">
        <test-method status="PASS" signature="priceList()[pri:0, instance:com.guest.booking.HostelQuotePrice@436813f3]" name="priceList" duration-ms="3299" started-at="2018-07-04T06:01:28Z" finished-at="2018-07-04T06:01:31Z">
          <reporter-output>
          </reporter-output>
        </test-method> <!-- priceList -->
      </class> <!-- com.guest.booking.HostelQuotePrice -->
      <class name="com.guest.booking.HostelList">
        <test-method status="PASS" signature="launch()[pri:0, instance:com.guest.booking.HostelList@8f4ea7c]" name="launch" is-config="true" duration-ms="9581" started-at="2018-07-04T06:01:17Z" finished-at="2018-07-04T06:01:26Z">
          <reporter-output>
          </reporter-output>
        </test-method> <!-- launch -->
        <test-method status="PASS" signature="hostels()[pri:0, instance:com.guest.booking.HostelList@8f4ea7c]" name="hostels" duration-ms="1113" started-at="2018-07-04T06:01:26Z" finished-at="2018-07-04T06:01:28Z">
          <reporter-output>
          </reporter-output>
        </test-method> <!-- hostels -->
      </class> <!-- com.guest.booking.HostelList -->
      <class name="com.guest.booking.Booking">
        <test-method status="PASS" signature="bookRoom()[pri:0, instance:com.guest.booking.Booking@74fe5c40]" name="bookRoom" duration-ms="1262" started-at="2018-07-04T06:01:31Z" finished-at="2018-07-04T06:01:32Z">
          <reporter-output>
          </reporter-output>
        </test-method> <!-- bookRoom -->
      </class> <!-- com.guest.booking.Booking -->
    </test> <!-- Hostel Booking -->
  </suite> <!-- Stay Peace -->
</testng-results>
